This is pdfTeX, Version 3.141592653-2.6-1.40.22 (TeX Live 2021) (preloaded format=pdflatex 2022.1.12)  7 AUG 2023 12:34
entering extended mode
 restricted \write18 enabled.
 file:line:error style messages enabled.
 %&-line parsing enabled.
**res.cls
(./res.cls
LaTeX2e <2020-10-01> patch level 4
L3 programming layer <2021-02-18>
Document Style `res' <26 Sep 89>.

LaTeX Warning: You have requested package `',
               but the package provides `res'.

Package: res 2000/05/19 v1.4b Resume class
(/usr/local/texlive/2021/texmf-dist/tex/latex/base/article.cls
Document Class: article 2020/04/10 v1.4m Standard LaTeX document class
(/usr/local/texlive/2021/texmf-dist/tex/latex/base/size10.clo
File: size10.clo 2020/04/10 v1.4m Standard LaTeX file (size option)
)
\c@part=\count179
\c@section=\count180
\c@subsection=\count181
\c@subsubsection=\count182
\c@paragraph=\count183
\c@subparagraph=\count184
\c@figure=\count185
\c@table=\count186
\abovecaptionskip=\skip47
\belowcaptionskip=\skip48
\bibindent=\dimen138
)

./res.cls:191: LaTeX Error: Missing \begin{document}.

See the LaTeX manual or LaTeX Companion for explanation.
Type  H <return>  for immediate help.
 ...                                              
                                                  
l.191 \newif\if@
                line
? 
./res.cls:191: Emergency stop.
 ...                                              
                                                  
l.191 \newif\if@
                line
You're in trouble here.  Try typing  <return>  to proceed.
If that doesn't work, type  X <return>  to quit.

 
Here is how much of TeX's memory you used:
 219 strings out of 478994
 2605 string characters out of 5858184
 285635 words of memory out of 5000000
 17796 multiletter control sequences out of 15000+600000
 403430 words of font info for 27 fonts, out of 8000000 for 9000
 1141 hyphenation exceptions out of 8191
 44i,0n,50p,122b,36s stack positions out of 5000i,500n,10000p,200000b,80000s
./res.cls:191:  ==> Fatal error occurred, no output PDF file produced!
